Removed Pin From Net: NetName=NetAD3_3 Pin=AD3-2
Removed Pin From Net: NetName=NetAD3_2 Pin=AD3-3
Added Component: Designator=Jmpr(SMTC-TSW-103-07-X-S)
Add component. Clean all parameters for all variants
Add component (AddParameter): Name = "ComponentLink1Description"; Value = "Manufacturer URL"; VariantName = "[No Variations]"
Add component (AddParameter): Name = "ComponentLink1URL"; Value = "http://www.samtec.com"; VariantName = "[No Variations]"
Add component (AddParameter): Name = "ComponentLink2Description"; Value = "Datasheet"; VariantName = "[No Variations]"
Add component (AddParameter): Name = "ComponentLink2URL"; Value = "http://www.samtec.com/documents/webfiles/pdf/TSW_TH.PDF"; VariantName = "[No Variations]"
Add component (AddParameter): Name = "ComponentLink3Description"; Value = "Package Specification"; VariantName = "[No Variations]"
Add component (AddParameter): Name = "ComponentLink3URL"; Value = "http://www.samtec.com/documents/webfiles/cpdf/TSW-XXX-XX-XXX-X-XX-XXX-MKT.pdf"; VariantName = "[No Variations]"
Add component (AddParameter): Name = "DatasheetVersion"; Value = "F-214"; VariantName = "[No Variations]"
Add component (AddParameter): Name = "Manufacturer"; Value = "Samtec"; VariantName = "[No Variations]"
Add component (AddParameter): Name = "Mounting Technology"; Value = "Through-hole"; VariantName = "[No Variations]"
Add component (AddParameter): Name = "Orientation"; Value = "Vertical"; VariantName = "[No Variations]"
Add component (AddParameter): Name = "PackageDescription"; Value = ".025[0.64] SQ. Post Terminal Strip Assembly"; VariantName = "[No Variations]"
Add component (AddParameter): Name = "PackageReference"; Value = "TSW-103-07-X-S"; VariantName = "[No Variations]"
Add component (AddParameter): Name = "PackageVersion"; Value = "DM, 8/1988"; VariantName = "[No Variations]"
Add component (AddParameter): Name = "PartNumber"; Value = "TSW-103-07-T-S"; VariantName = "[No Variations]"
Add component (AddParameter): Name = "Pitch"; Value = "2.54 mm"; VariantName = "[No Variations]"
Add component (AddParameter): Name = "RoHS"; Value = "True"; VariantName = "[No Variations]"
Add component (AddParameter): Name = "Temperature Range"; Value = "-55 to 105 degC"; VariantName = "[No Variations]"
Added Pin To Net: NetName=NetAD3_2 Pin=AD3-2
Added Pin To Net: NetName=NetAD3_3 Pin=AD3-3
Added Pin To Net: NetName=NetAD2_1 Pin=Jmpr-1
Added Pin To Net: NetName=NetAD6_6 Pin=Jmpr-2
Added Pin To Net: NetName=GND Pin=Jmpr-3
Change Net Name : Old Net Name=NetAD3_1 New Net Name=NetAD3_4
Change Net Name : Old Net Name=NetAD3_4 New Net Name=NetAD3_1
Added Pin To Net: NetName=NetJ1_6 Pin=J1-6
Added Pin To Net: NetName=NetJ1_6 Pin=J1-7
Added Pin To Net: NetName=NetJ1_6 Pin=J1-8
Added Pin To Net: NetName=NetJ1_6 Pin=J1-9
Added Pin To Net: NetName=NetJ1_6 Pin=J1-10
Added Pin To Net: NetName=NetJ1_6 Pin=J1-11
Added Net: Name=NetJ1_6
Added Member To Class: ClassName=Sheet1 Member=Component AD3 AD8226A
Added Member To Class: ClassName=Sheet1 Member=Component DD1 ESP-12S
Added Member To Class: ClassName=Sheet1 Member=Component Jmpr TSW-103-07-T-S
Added Room: Name=Sheet1
