Replace Part AD1 61f5a3bb3429d9e0caadea342aa3b19 in C:\Ihor Shybka\smart_muscle\Sheet1.SchDoc with 61f5a3bb3429d9e0caadea342aa3b19 from Altium Content Vault
Replace Part AD2 AMP-OPA-MCP6002-IL8 in C:\Ihor Shybka\smart_muscle\Sheet1.SchDoc with AMP-OPA-MCP6002-IL8 from Altium Content Vault
Replace Part AD2 AMP-OPA-MCP6002-IL8 in C:\Ihor Shybka\smart_muscle\Sheet1.SchDoc with AMP-OPA-MCP6002-IL8 from Altium Content Vault
Replace Part AD3 ADI-AD8226-RM-8 in C:\Ihor Shybka\smart_muscle\Sheet1.SchDoc with ADI-AD8226-RM-8 from Altium Content Vault
Replace Part AD4 PM-REG-LM1086-SOT4 in C:\Ihor Shybka\smart_muscle\Sheet1.SchDoc with PM-REG-LM1086-SOT4 from Altium Content Vault
Replace Part AD6 CON-ADC-MCP3421-6 in C:\Ihor Shybka\smart_muscle\Sheet1.SchDoc with CON-ADC-MCP3421-6 from Altium Content Vault
Replace Part Bat SMTC-TSW-102-X-X-S-X in C:\Ihor Shybka\smart_muscle\Sheet1.SchDoc with SMTC-TSW-102-X-X-S-X from Altium Content Vault
Replace Part C1 b4654b650e69147ec39a6b967a45e02 in C:\Ihor Shybka\smart_muscle\Sheet1.SchDoc with b4654b650e69147ec39a6b967a45e02 from Altium Content Vault
Replace Part C2 b4654b650e69147ec39a6b967a45e02 in C:\Ihor Shybka\smart_muscle\Sheet1.SchDoc with b4654b650e69147ec39a6b967a45e02 from Altium Content Vault
Replace Part C3 b4654b650e69147ec39a6b967a45e02 in C:\Ihor Shybka\smart_muscle\Sheet1.SchDoc with b4654b650e69147ec39a6b967a45e02 from Altium Content Vault
Replace Part C4 b4654b650e69147ec39a6b967a45e02 in C:\Ihor Shybka\smart_muscle\Sheet1.SchDoc with b4654b650e69147ec39a6b967a45e02 from Altium Content Vault
Replace Part C6 b4654b650e69147ec39a6b967a45e02 in C:\Ihor Shybka\smart_muscle\Sheet1.SchDoc with b4654b650e69147ec39a6b967a45e02 from Altium Content Vault
Replace Part C7 CAP in C:\Ihor Shybka\smart_muscle\Sheet1.SchDoc with CAP from Altium Content Vault
Replace Part C8 CAP in C:\Ihor Shybka\smart_muscle\Sheet1.SchDoc with CAP from Altium Content Vault
Replace Part C9 a00bbbee19879c290e62620ae7e47b1 in C:\Ihor Shybka\smart_muscle\Sheet1.SchDoc with a00bbbee19879c290e62620ae7e47b1 from Altium Content Vault
Replace Part C10 a00bbbee19879c290e62620ae7e47b1 in C:\Ihor Shybka\smart_muscle\Sheet1.SchDoc with a00bbbee19879c290e62620ae7e47b1 from Altium Content Vault
Replace Part D1 8706943c75ba83719d021d2fdc84c58 in C:\Ihor Shybka\smart_muscle\Sheet1.SchDoc with 8706943c75ba83719d021d2fdc84c58 from Altium Content Vault
Replace Part DD1 0473e498d6bc78f349d0f2898a8422c in C:\Ihor Shybka\smart_muscle\Sheet1.SchDoc with 0473e498d6bc78f349d0f2898a8422c from Altium Content Vault
Replace Part EMG SMTC-TSW-103-X-X-S-X in C:\Ihor Shybka\smart_muscle\Sheet1.SchDoc with SMTC-TSW-103-X-X-S-X from Altium Content Vault
Replace Part Free PINs SMTC-TSW-104-08-X-S in C:\Ihor Shybka\smart_muscle\Sheet1.SchDoc with SMTC-TSW-104-08-X-S from Altium Content Vault
Replace Part J1 USB-5-6SHLD in C:\Ihor Shybka\smart_muscle\Sheet1.SchDoc with USB-5-6SHLD from Altium Content Vault
Replace Part Jmpr SMTC-TSW-103-X-X-S-X in C:\Ihor Shybka\smart_muscle\Sheet1.SchDoc with SMTC-TSW-103-X-X-S-X from Altium Content Vault
Replace Part Jmpr2 SMTC-TSW-103-X-X-S-X in C:\Ihor Shybka\smart_muscle\Sheet1.SchDoc with SMTC-TSW-103-X-X-S-X from Altium Content Vault
Replace Part On/Off SMTC-TSW-102-X-X-S-X in C:\Ihor Shybka\smart_muscle\Sheet1.SchDoc with SMTC-TSW-102-X-X-S-X from Altium Content Vault
Replace Part R00 1029c3af85768c4190bb7ad29bc67b5 in C:\Ihor Shybka\smart_muscle\Sheet1.SchDoc with 1029c3af85768c4190bb7ad29bc67b5 from Altium Content Vault
Replace Part R1 1029c3af85768c4190bb7ad29bc67b5 in C:\Ihor Shybka\smart_muscle\Sheet1.SchDoc with 1029c3af85768c4190bb7ad29bc67b5 from Altium Content Vault
Replace Part R2 1029c3af85768c4190bb7ad29bc67b5 in C:\Ihor Shybka\smart_muscle\Sheet1.SchDoc with 1029c3af85768c4190bb7ad29bc67b5 from Altium Content Vault
Replace Part R3 1029c3af85768c4190bb7ad29bc67b5 in C:\Ihor Shybka\smart_muscle\Sheet1.SchDoc with 1029c3af85768c4190bb7ad29bc67b5 from Altium Content Vault
Replace Part R4 1029c3af85768c4190bb7ad29bc67b5 in C:\Ihor Shybka\smart_muscle\Sheet1.SchDoc with 1029c3af85768c4190bb7ad29bc67b5 from Altium Content Vault
Replace Part R5 1029c3af85768c4190bb7ad29bc67b5 in C:\Ihor Shybka\smart_muscle\Sheet1.SchDoc with 1029c3af85768c4190bb7ad29bc67b5 from Altium Content Vault
Replace Part R6 1029c3af85768c4190bb7ad29bc67b5 in C:\Ihor Shybka\smart_muscle\Sheet1.SchDoc with 1029c3af85768c4190bb7ad29bc67b5 from Altium Content Vault
Replace Part R7 1029c3af85768c4190bb7ad29bc67b5 in C:\Ihor Shybka\smart_muscle\Sheet1.SchDoc with 1029c3af85768c4190bb7ad29bc67b5 from Altium Content Vault
Replace Part R8 13357d81287629c2fd191d242cfa50c in C:\Ihor Shybka\smart_muscle\Sheet1.SchDoc with 13357d81287629c2fd191d242cfa50c from Altium Content Vault
Replace Part R9 1029c3af85768c4190bb7ad29bc67b5 in C:\Ihor Shybka\smart_muscle\Sheet1.SchDoc with 1029c3af85768c4190bb7ad29bc67b5 from Altium Content Vault
Replace Part R10 1029c3af85768c4190bb7ad29bc67b5 in C:\Ihor Shybka\smart_muscle\Sheet1.SchDoc with 1029c3af85768c4190bb7ad29bc67b5 from Altium Content Vault
Replace Part R13 1029c3af85768c4190bb7ad29bc67b5 in C:\Ihor Shybka\smart_muscle\Sheet1.SchDoc with 1029c3af85768c4190bb7ad29bc67b5 from Altium Content Vault
Replace Part R14 1029c3af85768c4190bb7ad29bc67b5 in C:\Ihor Shybka\smart_muscle\Sheet1.SchDoc with 1029c3af85768c4190bb7ad29bc67b5 from Altium Content Vault
Replace Part R15 RES in C:\Ihor Shybka\smart_muscle\Sheet1.SchDoc with RES from Altium Content Vault
Replace Part R16 RES in C:\Ihor Shybka\smart_muscle\Sheet1.SchDoc with RES from Altium Content Vault
Replace Part R17 1029c3af85768c4190bb7ad29bc67b5 in C:\Ihor Shybka\smart_muscle\Sheet1.SchDoc with 1029c3af85768c4190bb7ad29bc67b5 from Altium Content Vault
Replace Part R18 1029c3af85768c4190bb7ad29bc67b5 in C:\Ihor Shybka\smart_muscle\Sheet1.SchDoc with 1029c3af85768c4190bb7ad29bc67b5 from Altium Content Vault
Replace Part R19 1029c3af85768c4190bb7ad29bc67b5 in C:\Ihor Shybka\smart_muscle\Sheet1.SchDoc with 1029c3af85768c4190bb7ad29bc67b5 from Altium Content Vault
Replace Part SW1 WE-TACT-SW-2 in C:\Ihor Shybka\smart_muscle\Sheet1.SchDoc with WE-TACT-SW-2 from Altium Content Vault
Replace Part UART SMTC-TSW-103-X-X-S-X in C:\Ihor Shybka\smart_muscle\Sheet1.SchDoc with SMTC-TSW-103-X-X-S-X from Altium Content Vault
